2022-04-27 22:23:44,839 DEBUG decos.py Была вызвана функция main c параметрами () , {}. Вызов из модуля __main__
2022-04-27 22:23:44,839 DEBUG decos.py Была вызвана функция config_load c параметрами () , {}. Вызов из модуля __main__
2022-04-27 22:23:44,839 DEBUG decos.py Была вызвана функция arg_parser c параметрами ('7777', '') , {}. Вызов из модуля __main__
2022-04-27 22:23:44,839 DEBUG server.py Инициализация парсера аргументов коммандной строки: ['server.py']
2022-04-27 22:23:44,839 DEBUG server.py Аргументы успешно загружены.
2022-04-27 22:23:44,917 INFO core.py Запущен сервер, порт для подключений: 7777 , адрес с которого принимаются подключения: . Если адрес не указан, принимаются соединения с любых адресов.
2022-04-27 22:27:56,891 DEBUG decos.py Была вызвана функция main c параметрами () , {}. Вызов из модуля __main__
2022-04-27 22:27:56,891 DEBUG decos.py Была вызвана функция config_load c параметрами () , {}. Вызов из модуля __main__
2022-04-27 22:27:56,907 DEBUG decos.py Была вызвана функция arg_parser c параметрами ('7777', '') , {}. Вызов из модуля __main__
2022-04-27 22:27:56,907 DEBUG server.py Инициализация парсера аргументов коммандной строки: ['server.py']
2022-04-27 22:27:56,907 DEBUG server.py Аргументы успешно загружены.
2022-04-27 22:27:57,469 INFO core.py Запущен сервер, порт для подключений: 7777 , адрес с которого принимаются подключения: . Если адрес не указан, принимаются соединения с любых адресов.
2022-04-27 22:29:38,000 DEBUG decos.py Была вызвана функция main c параметрами () , {}. Вызов из модуля __main__
2022-04-27 22:29:38,000 DEBUG decos.py Была вызвана функция config_load c параметрами () , {}. Вызов из модуля __main__
2022-04-27 22:29:38,015 DEBUG decos.py Была вызвана функция arg_parser c параметрами ('7777', '') , {}. Вызов из модуля __main__
2022-04-27 22:29:38,015 DEBUG server.py Инициализация парсера аргументов коммандной строки: ['server.py']
2022-04-27 22:29:38,015 DEBUG server.py Аргументы успешно загружены.
2022-04-27 22:29:38,078 INFO core.py Запущен сервер, порт для подключений: 7777 , адрес с которого принимаются подключения: . Если адрес не указан, принимаются соединения с любых адресов.
2022-04-27 22:33:08,181 DEBUG decos.py Была вызвана функция main c параметрами () , {}. Вызов из модуля __main__
2022-04-27 22:33:08,181 DEBUG decos.py Была вызвана функция config_load c параметрами () , {}. Вызов из модуля __main__
2022-04-27 22:33:08,196 DEBUG decos.py Была вызвана функция arg_parser c параметрами ('7777', '') , {}. Вызов из модуля __main__
2022-04-27 22:33:08,196 DEBUG server.py Инициализация парсера аргументов коммандной строки: ['server.py']
2022-04-27 22:33:08,196 DEBUG server.py Аргументы успешно загружены.
2022-04-27 22:33:08,243 INFO core.py Запущен сервер, порт для подключений: 7777 , адрес с которого принимаются подключения: . Если адрес не указан, принимаются соединения с любых адресов.
