2022 Apr 13 23:52:20 INFO     <module> Клиент начинает работу!
2022 Apr 13 23:53:06 INFO     <module> Клиент начинает работу!
2022 Apr 13 23:55:33 INFO     <module> Клиент начинает работу!
2022 Apr 13 23:55:52 INFO     <module> Клиент начинает работу!
2022 Apr 13 23:58:22 INFO     <module> Клиент начинает работу!
2022 Apr 13 23:59:56 INFO     <module> Клиент начинает работу!
2022 Apr 14 00:04:41 INFO     <module> Клиент начинает работу!
2022 Apr 14 00:04:47 INFO     <module> Клиент начинает работу!
2022 Apr 14 00:06:41 INFO     <module> Клиент начинает работу!
2022 Apr 14 00:15:20 INFO     <module> Клиент начинает работу!
2022 Apr 14 00:17:04 INFO     <module> Клиент начинает работу!
2022 Apr 14 00:19:56 INFO     <module> Клиент начинает работу!
2022 Apr 14 00:19:56 INFO     command_line_parser Запуск клиента... Анализ параметров запуска...
2022 Apr 14 00:19:56 DEBUG    wrap Функция-"command_line_parser" была вызвана из модуля-"__main__" и инициирован из функцией-"main", с параметрами "()", "{}".
2022 Apr 14 00:20:21 INFO     main Клиент запущен: адрес сервера - 127.0.0.1, порт - 7777, имя пользователя - client 10.
2022 Apr 14 00:20:21 DEBUG    main Создан клиентский сокет.
2022 Apr 14 00:20:22 ERROR    main При установке соединения сервер вернул ошибку: timed out
2022 Apr 14 00:20:38 INFO     <module> Клиент начинает работу!
2022 Apr 14 00:20:38 INFO     command_line_parser Запуск клиента... Анализ параметров запуска...
2022 Apr 14 00:20:38 DEBUG    wrap Функция-"command_line_parser" была вызвана из модуля-"__main__" и инициирован из функцией-"main", с параметрами "()", "{}".
2022 Apr 14 00:20:49 INFO     main Клиент запущен: адрес сервера - 127.0.0.1, порт - 7777, имя пользователя - test10.
2022 Apr 14 00:20:49 DEBUG    main Создан клиентский сокет.
2022 Apr 14 00:20:50 ERROR    main При установке соединения сервер вернул ошибку: timed out
2022 Apr 14 00:21:11 INFO     <module> Клиент начинает работу!
2022 Apr 14 22:25:07 INFO     <module> Клиент начинает работу!
2022 Apr 14 22:25:08 INFO     <module> Клиент начинает работу!
2022 Apr 14 22:25:08 INFO     <module> Клиент начинает работу!
2022 Apr 14 23:02:43 INFO     <module> Клиент начинает работу!
2022 Apr 15 18:02:08 INFO     <module> Клиент начинает работу!
2022 Apr 15 18:04:30 INFO     <module> Клиент начинает работу!
2022 Apr 15 18:04:42 INFO     <module> Клиент начинает работу!
2022 Apr 16 11:44:59 INFO     <module> Клиент начинает работу!
2022 Apr 16 12:13:12 INFO     <module> Клиент начинает работу!
2022 Apr 16 12:14:37 INFO     <module> Клиент начинает работу!
2022 Apr 16 12:14:53 INFO     <module> Клиент начинает работу!
2022 Apr 16 12:16:00 INFO     <module> Клиент начинает работу!
2022 Apr 16 12:17:00 INFO     <module> Клиент начинает работу!
2022 Apr 16 12:17:00 INFO     command_line_parser Запуск клиента... Анализ параметров запуска...
2022 Apr 16 12:17:00 DEBUG    wrap Функция-"command_line_parser" была вызвана из модуля-"__main__" и инициирован из функцией-"main", с параметрами "()", "{}".
2022 Apr 16 12:17:06 INFO     main Клиент запущен: адрес сервера - 127.0.0.1, порт - 7777, имя пользователя - client1.
2022 Apr 16 12:17:21 INFO     <module> Клиент начинает работу!
2022 Apr 16 12:17:21 INFO     command_line_parser Запуск клиента... Анализ параметров запуска...
2022 Apr 16 12:17:21 DEBUG    wrap Функция-"command_line_parser" была вызвана из модуля-"__main__" и инициирован из функцией-"main", с параметрами "()", "{}".
2022 Apr 16 12:17:25 INFO     main Клиент запущен: адрес сервера - 127.0.0.1, порт - 7777, имя пользователя - cl.
2022 Apr 16 12:23:56 INFO     <module> Клиент начинает работу!
2022 Apr 16 12:23:56 INFO     command_line_parser Запуск клиента... Анализ параметров запуска...
2022 Apr 16 12:23:56 DEBUG    wrap Функция-"command_line_parser" была вызвана из модуля-"__main__" и инициирован из функцией-"main", с параметрами "()", "{}".
2022 Apr 16 12:23:56 INFO     main Клиент запущен: адрес сервера - 127.0.0.1, порт - 7777, имя пользователя - client1.
2022 Apr 16 12:23:56 INFO     <module> Клиент начинает работу!
2022 Apr 16 12:23:56 INFO     command_line_parser Запуск клиента... Анализ параметров запуска...
2022 Apr 16 12:23:57 DEBUG    wrap Функция-"command_line_parser" была вызвана из модуля-"__main__" и инициирован из функцией-"main", с параметрами "()", "{}".
2022 Apr 16 12:23:57 INFO     main Клиент запущен: адрес сервера - 127.0.0.1, порт - 7777, имя пользователя - client2.
2022 Apr 16 12:23:57 INFO     <module> Клиент начинает работу!
2022 Apr 16 12:23:57 INFO     command_line_parser Запуск клиента... Анализ параметров запуска...
2022 Apr 16 12:23:57 DEBUG    wrap Функция-"command_line_parser" была вызвана из модуля-"__main__" и инициирован из функцией-"main", с параметрами "()", "{}".
2022 Apr 16 12:23:57 INFO     main Клиент запущен: адрес сервера - 127.0.0.1, порт - 7777, имя пользователя - client3.
2022 Apr 16 12:24:31 INFO     <module> Клиент начинает работу!
2022 Apr 16 12:24:31 INFO     command_line_parser Запуск клиента... Анализ параметров запуска...
2022 Apr 16 12:24:31 DEBUG    wrap Функция-"command_line_parser" была вызвана из модуля-"__main__" и инициирован из функцией-"main", с параметрами "()", "{}".
2022 Apr 16 12:24:31 INFO     main Клиент запущен: адрес сервера - 127.0.0.1, порт - 7777, имя пользователя - client1.
2022 Apr 16 12:24:31 INFO     <module> Клиент начинает работу!
2022 Apr 16 12:24:31 INFO     command_line_parser Запуск клиента... Анализ параметров запуска...
2022 Apr 16 12:24:32 DEBUG    wrap Функция-"command_line_parser" была вызвана из модуля-"__main__" и инициирован из функцией-"main", с параметрами "()", "{}".
2022 Apr 16 12:24:32 INFO     main Клиент запущен: адрес сервера - 127.0.0.1, порт - 7777, имя пользователя - client2.
2022 Apr 16 12:24:32 INFO     <module> Клиент начинает работу!
2022 Apr 16 12:24:32 INFO     command_line_parser Запуск клиента... Анализ параметров запуска...
2022 Apr 16 12:24:32 DEBUG    wrap Функция-"command_line_parser" была вызвана из модуля-"__main__" и инициирован из функцией-"main", с параметрами "()", "{}".
2022 Apr 16 12:24:32 INFO     main Клиент запущен: адрес сервера - 127.0.0.1, порт - 7777, имя пользователя - client3.
